d:\编程\c++\my2048\my2048\my2048\debug\my2048.pch
d:\编程\c++\my2048\my2048\my2048\debug\vc120.pdb
d:\编程\c++\my2048\my2048\my2048\debug\vc120.idb
d:\编程\c++\my2048\my2048\my2048\debug\stdafx.obj
d:\编程\c++\my2048\my2048\my2048\debug\guisettings.obj
d:\编程\c++\my2048\my2048\my2048\debug\mainfrm.obj
d:\编程\c++\my2048\my2048\my2048\debug\my2048.obj
d:\编程\c++\my2048\my2048\my2048\debug\my2048doc.obj
d:\编程\c++\my2048\my2048\my2048\debug\my2048view.obj
d:\编程\c++\my2048\my2048\debug\my2048.ilk
d:\编程\c++\my2048\my2048\debug\my2048.exe
d:\编程\c++\my2048\my2048\debug\my2048.pdb
d:\编程\c++\my2048\my2048\my2048\debug\my2048.res
d:\编程\c++\my2048\my2048\my2048\debug\my2048.tlog\cl.command.1.tlog
d:\编程\c++\my2048\my2048\my2048\debug\my2048.tlog\cl.read.1.tlog
d:\编程\c++\my2048\my2048\my2048\debug\my2048.tlog\cl.write.1.tlog
d:\编程\c++\my2048\my2048\my2048\debug\my2048.tlog\link.command.1.tlog
d:\编程\c++\my2048\my2048\my2048\debug\my2048.tlog\link.read.1.tlog
d:\编程\c++\my2048\my2048\my2048\debug\my2048.tlog\link.write.1.tlog
d:\编程\c++\my2048\my2048\my2048\debug\my2048.tlog\rc.command.1.tlog
d:\编程\c++\my2048\my2048\my2048\debug\my2048.tlog\rc.read.1.tlog
d:\编程\c++\my2048\my2048\my2048\debug\my2048.tlog\rc.write.1.tlog
